<?xml version="1.0" encoding="UTF-8"?>
<!-- Generated by org.testng.reporters.JUnitReportReporter -->
<testsuite skipped="0" hostname="xyz-PC" name="com.test.TestClass" tests="2" failures="0" timestamp="11 Jul 2021 04:34:17 GMT" time="0.010" errors="0">
  <testcase name="testCase2" time="0.002" classname="com.test.TestClass"/>
  <testcase name="testCase1" time="0.008" classname="com.test.TestClass"/>
</testsuite> <!-- com.test.TestClass -->
